<?xml version="1.0" encoding="UTF-8"?>
<!-- Generated by org.testng.reporters.JUnitReportReporter -->
<testsuite skipped="0" hostname="classroom-PC" name="testng.Class2" tests="2" failures="0" timestamp="18 Sep 2019 12:31:41 GMT" time="0.034" errors="0">
  <testcase name="method2" time="0.002" classname="testng.Class2"/>
  <testcase name="method1" time="0.032" classname="testng.Class2"/>
</testsuite> <!-- testng.Class2 -->
