<?xml version="1.0" encoding="UTF-8"?>
<!-- Generated by org.testng.reporters.JUnitReportReporter -->
<testsuite skipped="0" hostname="classroom-PC" name="testng.Class3" tests="2" failures="0" timestamp="18 Sep 2019 12:31:41 GMT" time="0.006" errors="0">
  <testcase name="method4" time="0.003" classname="testng.Class3"/>
  <testcase name="method3" time="0.003" classname="testng.Class3"/>
</testsuite> <!-- testng.Class3 -->
